\BOOKMARK [0][-]{chapter.1}{\376\377\0001\000\040\000P\000L\000A\000C\000E\000H\000O\000L\000D\000E\000R}{}% 1
\BOOKMARK [0][-]{chapter.2}{\376\377\0002\000\040\000A\000d\000d\000\040\000y\000o\000u\000r\000\040\000i\000n\000t\000r\000o\000d\000u\000c\000t\000i\000o\000n\000s\000\040\000h\000e\000r\000e\000!}{}% 2
\BOOKMARK [0][-]{chapter.3}{\376\377\0003\000\040\000t\000o\000c}{}% 3
\BOOKMARK [0][-]{chapter.4}{\376\377\0004\000\040\000T\000h\000i\000s\000\040\000i\000s\000\040\000t\000h\000e\000\040\000<\000s\000t\000r\000o\000n\000g\000>\000H\000O\000M\000E\000P\000A\000G\000E\000<\000/\000s\000t\000r\000o\000n\000g\000>\000.}{}% 4
\BOOKMARK [1][-]{section.4.1}{\376\377\0004\000.\0001\000\040\000Q\000u\000i\000c\000k\000\040\000S\000t\000a\000r\000t\000\040\000N\000o\000t\000e\000s\000:}{chapter.4}% 5
\BOOKMARK [0][-]{chapter.5}{\376\377\0005\000\040\000N\000a\000m\000e\000s\000p\000a\000c\000e\000\040\000I\000n\000d\000e\000x}{}% 6
\BOOKMARK [1][-]{section.5.1}{\376\377\0005\000.\0001\000\040\000N\000a\000m\000e\000s\000p\000a\000c\000e\000\040\000L\000i\000s\000t}{chapter.5}% 7
\BOOKMARK [0][-]{chapter.6}{\376\377\0006\000\040\000H\000i\000e\000r\000a\000r\000c\000h\000i\000c\000a\000l\000\040\000I\000n\000d\000e\000x}{}% 8
\BOOKMARK [1][-]{section.6.1}{\376\377\0006\000.\0001\000\040\000C\000l\000a\000s\000s\000\040\000H\000i\000e\000r\000a\000r\000c\000h\000y}{chapter.6}% 9
\BOOKMARK [0][-]{chapter.7}{\376\377\0007\000\040\000D\000a\000t\000a\000\040\000S\000t\000r\000u\000c\000t\000u\000r\000e\000\040\000I\000n\000d\000e\000x}{}% 10
\BOOKMARK [1][-]{section.7.1}{\376\377\0007\000.\0001\000\040\000D\000a\000t\000a\000\040\000S\000t\000r\000u\000c\000t\000u\000r\000e\000s}{chapter.7}% 11
\BOOKMARK [0][-]{chapter.8}{\376\377\0008\000\040\000F\000i\000l\000e\000\040\000I\000n\000d\000e\000x}{}% 12
\BOOKMARK [1][-]{section.8.1}{\376\377\0008\000.\0001\000\040\000F\000i\000l\000e\000\040\000L\000i\000s\000t}{chapter.8}% 13
\BOOKMARK [0][-]{chapter.9}{\376\377\0009\000\040\000N\000a\000m\000e\000s\000p\000a\000c\000e\000\040\000D\000o\000c\000u\000m\000e\000n\000t\000a\000t\000i\000o\000n}{}% 14
\BOOKMARK [1][-]{section.9.1}{\376\377\0009\000.\0001\000\040\000D\000a\000t\000o\000s\000\040\000N\000a\000m\000e\000s\000p\000a\000c\000e\000\040\000R\000e\000f\000e\000r\000e\000n\000c\000e}{chapter.9}% 15
\BOOKMARK [1][-]{section.9.2}{\376\377\0009\000.\0002\000\040\000D\000a\000t\000o\000s\000:\000:\000I\000n\000f\000r\000a\000s\000t\000r\000u\000c\000t\000u\000r\000e\000\040\000N\000a\000m\000e\000s\000p\000a\000c\000e\000\040\000R\000e\000f\000e\000r\000e\000n\000c\000e}{chapter.9}% 16
\BOOKMARK [1][-]{section.9.3}{\376\377\0009\000.\0003\000\040\000D\000a\000t\000o\000s\000:\000:\000R\000e\000p\000o\000s\000i\000t\000o\000r\000y\000s\000\040\000N\000a\000m\000e\000s\000p\000a\000c\000e\000\040\000R\000e\000f\000e\000r\000e\000n\000c\000e}{chapter.9}% 17
\BOOKMARK [1][-]{section.9.4}{\376\377\0009\000.\0004\000\040\000N\000e\000g\000o\000c\000i\000o\000\040\000N\000a\000m\000e\000s\000p\000a\000c\000e\000\040\000R\000e\000f\000e\000r\000e\000n\000c\000e}{chapter.9}% 18
\BOOKMARK [1][-]{section.9.5}{\376\377\0009\000.\0005\000\040\000N\000e\000g\000o\000c\000i\000o\000:\000:\000E\000n\000t\000i\000t\000i\000e\000s\000D\000T\000O\000\040\000N\000a\000m\000e\000s\000p\000a\000c\000e\000\040\000R\000e\000f\000e\000r\000e\000n\000c\000e}{chapter.9}% 19
\BOOKMARK [1][-]{section.9.6}{\376\377\0009\000.\0006\000\040\000N\000e\000g\000o\000c\000i\000o\000:\000:\000M\000a\000n\000a\000g\000m\000e\000n\000t\000\040\000N\000a\000m\000e\000s\000p\000a\000c\000e\000\040\000R\000e\000f\000e\000r\000e\000n\000c\000e}{chapter.9}% 20
\BOOKMARK [1][-]{section.9.7}{\376\377\0009\000.\0007\000\040\000P\000r\000e\000s\000e\000n\000t\000a\000c\000i\000o\000n\000\040\000N\000a\000m\000e\000s\000p\000a\000c\000e\000\040\000R\000e\000f\000e\000r\000e\000n\000c\000e}{chapter.9}% 21
\BOOKMARK [1][-]{section.9.8}{\376\377\0009\000.\0008\000\040\000P\000r\000e\000s\000e\000n\000t\000a\000c\000i\000o\000n\000:\000:\000C\000o\000m\000p\000o\000n\000e\000